{"/Users/cathalmccabecathal/workspace/contextifytwo/src/utils/apiUtils.js": {"path":"/Users/cathalmccabecathal/workspace/contextifytwo/src/utils/apiUtils.js","statementMap":{"0":{"start":{"line":2,"column":2},"end":{"line":12,"column":3}},"1":{"start":{"line":3,"column":21},"end":{"line":3,"column":89}},"2":{"start":{"line":4,"column":4},"end":{"line":4,"column":62}},"3":{"start":{"line":5,"column":4},"end":{"line":5,"column":43}},"4":{"start":{"line":6,"column":4},"end":{"line":6,"column":46}},"5":{"start":{"line":7,"column":4},"end":{"line":7,"column":58}},"6":{"start":{"line":8,"column":4},"end":{"line":8,"column":32}},"7":{"start":{"line":10,"column":4},"end":{"line":10,"column":56}},"8":{"start":{"line":11,"column":4},"end":{"line":11,"column":63}},"9":{"start":{"line":16,"column":2},"end":{"line":16,"column":60}},"10":{"start":{"line":18,"column":2},"end":{"line":20,"column":3}},"11":{"start":{"line":19,"column":4},"end":{"line":19,"column":67}},"12":{"start":{"line":22,"column":24},"end":{"line":22,"column":61}},"13":{"start":{"line":23,"column":2},"end":{"line":23,"column":51}},"14":{"start":{"line":25,"column":2},"end":{"line":57,"column":3}},"15":{"start":{"line":26,"column":24},"end":{"line":26,"column":25}},"16":{"start":{"line":27,"column":17},"end":{"line":27,"column":18}},"17":{"start":{"line":29,"column":25},"end":{"line":36,"column":5}},"18":{"start":{"line":38,"column":4},"end":{"line":38,"column":48}},"19":{"start":{"line":40,"column":20},"end":{"line":44,"column":6}},"20":{"start":{"line":46,"column":4},"end":{"line":54,"column":5}},"21":{"start":{"line":47,"column":26},"end":{"line":47,"column":60}},"22":{"start":{"line":48,"column":6},"end":{"line":48,"column":24}},"23":{"start":{"line":49,"column":6},"end":{"line":49,"column":49}},"24":{"start":{"line":51,"column":6},"end":{"line":51,"column":54}},"25":{"start":{"line":52,"column":6},"end":{"line":52,"column":24}},"26":{"start":{"line":53,"column":6},"end":{"line":53,"column":18}},"27":{"start":{"line":56,"column":4},"end":{"line":56,"column":67}}},"fnMap":{"0":{"name":"fetchExplanationFromAPIWithContext","decl":{"start":{"line":1,"column":22},"end":{"line":1,"column":56}},"loc":{"start":{"line":1,"column":87},"end":{"line":13,"column":1}},"line":1},"1":{"name":"generateExplanationWithPromptAPI","decl":{"start":{"line":15,"column":15},"end":{"line":15,"column":47}},"loc":{"start":{"line":15,"column":82},"end":{"line":58,"column":1}},"line":15}},"branchMap":{"0":{"loc":{"start":{"line":18,"column":2},"end":{"line":20,"column":3}},"type":"if","locations":[{"start":{"line":18,"column":2},"end":{"line":20,"column":3}},{"start":{},"end":{}}],"line":18},"1":{"loc":{"start":{"line":18,"column":6},"end":{"line":18,"column":52}},"type":"binary-expr","locations":[{"start":{"line":18,"column":6},"end":{"line":18,"column":31}},{"start":{"line":18,"column":35},"end":{"line":18,"column":52}}],"line":18},"2":{"loc":{"start":{"line":25,"column":2},"end":{"line":57,"column":3}},"type":"if","locations":[{"start":{"line":25,"column":2},"end":{"line":57,"column":3}},{"start":{"line":55,"column":9},"end":{"line":57,"column":3}}],"line":25}},"s":{"0":3,"1":3,"2":1,"3":1,"4":1,"5":1,"6":1,"7":2,"8":2,"9":3,"10":3,"11":0,"12":3,"13":3,"14":3,"15":2,"16":2,"17":2,"18":2,"19":2,"20":2,"21":2,"22":1,"23":1,"24":1,"25":1,"26":1,"27":1},"f":{"0":3,"1":3},"b":{"0":[0,3],"1":[3,3],"2":[2,1]},"_coverageSchema":"1a1c01bbd47fc00a2c39e90264f33305004495a9","hash":"e3f6a8639fe9d07d090b951d9efafee5e736b38a"}
,"/Users/cathalmccabecathal/workspace/contextifytwo/src/utils/categoryInfo.js": {"path":"/Users/cathalmccabecathal/workspace/contextifytwo/src/utils/categoryInfo.js","statementMap":{"0":{"start":{"line":1,"column":28},"end":{"line":62,"column":1}}},"fnMap":{},"branchMap":{},"s":{"0":1},"f":{},"b":{},"_coverageSchema":"1a1c01bbd47fc00a2c39e90264f33305004495a9","hash":"34858ced19a709c45ace2630881dc03bd9e9ae6f"}
,"/Users/cathalmccabecathal/workspace/contextifytwo/src/utils/categoryUtils.js": {"path":"/Users/cathalmccabecathal/workspace/contextifytwo/src/utils/categoryUtils.js","statementMap":{"0":{"start":{"line":5,"column":15},"end":{"line":5,"column":45}},"1":{"start":{"line":6,"column":2},"end":{"line":6,"column":56}},"2":{"start":{"line":7,"column":2},"end":{"line":7,"column":14}},"3":{"start":{"line":12,"column":14},"end":{"line":12,"column":27}},"4":{"start":{"line":13,"column":16},"end":{"line":13,"column":74}},"5":{"start":{"line":13,"column":55},"end":{"line":13,"column":73}},"6":{"start":{"line":15,"column":2},"end":{"line":23,"column":3}},"7":{"start":{"line":16,"column":25},"end":{"line":16,"column":29}},"8":{"start":{"line":17,"column":4},"end":{"line":22,"column":5}},"9":{"start":{"line":18,"column":6},"end":{"line":21,"column":7}},"10":{"start":{"line":20,"column":8},"end":{"line":20,"column":24}},"11":{"start":{"line":25,"column":2},"end":{"line":25,"column":14}}},"fnMap":{"0":{"name":"getCategoryInfo","decl":{"start":{"line":4,"column":16},"end":{"line":4,"column":31}},"loc":{"start":{"line":4,"column":42},"end":{"line":8,"column":1}},"line":4},"1":{"name":"categorizeSentence","decl":{"start":{"line":11,"column":16},"end":{"line":11,"column":34}},"loc":{"start":{"line":11,"column":45},"end":{"line":26,"column":1}},"line":11},"2":{"name":"(anonymous_2)","decl":{"start":{"line":13,"column":45},"end":{"line":13,"column":46}},"loc":{"start":{"line":13,"column":55},"end":{"line":13,"column":73}},"line":13}},"branchMap":{"0":{"loc":{"start":{"line":5,"column":15},"end":{"line":5,"column":45}},"type":"binary-expr","locations":[{"start":{"line":5,"column":15},"end":{"line":5,"column":37}},{"start":{"line":5,"column":41},"end":{"line":5,"column":45}}],"line":5},"1":{"loc":{"start":{"line":18,"column":6},"end":{"line":21,"column":7}},"type":"if","locations":[{"start":{"line":18,"column":6},"end":{"line":21,"column":7}},{"start":{},"end":{}}],"line":18}},"s":{"0":2,"1":2,"2":2,"3":5,"4":5,"5":77,"6":5,"7":19,"8":19,"9":302,"10":4,"11":1},"f":{"0":2,"1":5,"2":77},"b":{"0":[2,1],"1":[4,298]},"_coverageSchema":"1a1c01bbd47fc00a2c39e90264f33305004495a9","hash":"1eeb2b3120d8c67cc9da906782a7662b7175270d"}
,"/Users/cathalmccabecathal/workspace/contextifytwo/src/utils/highlightUtils.js": {"path":"/Users/cathalmccabecathal/workspace/contextifytwo/src/utils/highlightUtils.js","statementMap":{"0":{"start":{"line":7,"column":2},"end":{"line":9,"column":5}},"1":{"start":{"line":8,"column":4},"end":{"line":8,"column":29}},"2":{"start":{"line":13,"column":21},"end":{"line":13,"column":51}},"3":{"start":{"line":14,"column":27},"end":{"line":14,"column":29}},"4":{"start":{"line":16,"column":2},"end":{"line":32,"column":3}},"5":{"start":{"line":17,"column":22},"end":{"line":17,"column":80}},"6":{"start":{"line":18,"column":18},"end":{"line":18,"column":20}},"7":{"start":{"line":20,"column":4},"end":{"line":29,"column":5}},"8":{"start":{"line":21,"column":23},"end":{"line":21,"column":51}},"9":{"start":{"line":22,"column":27},"end":{"line":22,"column":52}},"10":{"start":{"line":24,"column":6},"end":{"line":28,"column":7}},"11":{"start":{"line":25,"column":8},"end":{"line":25,"column":159}},"12":{"start":{"line":27,"column":8},"end":{"line":27,"column":28}},"13":{"start":{"line":31,"column":4},"end":{"line":31,"column":45}},"14":{"start":{"line":36,"column":2},"end":{"line":36,"column":37}},"15":{"start":{"line":40,"column":19},"end":{"line":40,"column":56}},"16":{"start":{"line":42,"column":2},"end":{"line":58,"column":5}},"17":{"start":{"line":43,"column":4},"end":{"line":57,"column":7}},"18":{"start":{"line":44,"column":23},"end":{"line":44,"column":45}},"19":{"start":{"line":45,"column":20},"end":{"line":45,"column":62}},"20":{"start":{"line":46,"column":26},"end":{"line":46,"column":71}},"21":{"start":{"line":48,"column":19},"end":{"line":48,"column":55}},"22":{"start":{"line":49,"column":6},"end":{"line":49,"column":75}},"23":{"start":{"line":51,"column":6},"end":{"line":56,"column":7}},"24":{"start":{"line":52,"column":28},"end":{"line":52,"column":98}},"25":{"start":{"line":53,"column":8},"end":{"line":53,"column":90}},"26":{"start":{"line":55,"column":8},"end":{"line":55,"column":108}},"27":{"start":{"line":62,"column":17},"end":{"line":62,"column":46}},"28":{"start":{"line":63,"column":2},"end":{"line":63,"column":32}},"29":{"start":{"line":64,"column":2},"end":{"line":64,"column":37}},"30":{"start":{"line":65,"column":2},"end":{"line":65,"column":31}},"31":{"start":{"line":66,"column":2},"end":{"line":66,"column":32}},"32":{"start":{"line":67,"column":2},"end":{"line":67,"column":36}},"33":{"start":{"line":68,"column":2},"end":{"line":68,"column":60}},"34":{"start":{"line":69,"column":2},"end":{"line":69,"column":40}},"35":{"start":{"line":70,"column":2},"end":{"line":70,"column":31}},"36":{"start":{"line":71,"column":2},"end":{"line":71,"column":32}},"37":{"start":{"line":73,"column":18},"end":{"line":73,"column":47}},"38":{"start":{"line":74,"column":2},"end":{"line":74,"column":32}},"39":{"start":{"line":75,"column":2},"end":{"line":75,"column":40}},"40":{"start":{"line":76,"column":2},"end":{"line":76,"column":30}},"41":{"start":{"line":78,"column":22},"end":{"line":78,"column":54}},"42":{"start":{"line":79,"column":2},"end":{"line":79,"column":36}},"43":{"start":{"line":80,"column":2},"end":{"line":80,"column":39}},"44":{"start":{"line":81,"column":2},"end":{"line":81,"column":42}},"45":{"start":{"line":82,"column":2},"end":{"line":82,"column":36}},"46":{"start":{"line":83,"column":2},"end":{"line":83,"column":41}},"47":{"start":{"line":84,"column":2},"end":{"line":84,"column":48}},"48":{"start":{"line":85,"column":2},"end":{"line":85,"column":35}},"49":{"start":{"line":86,"column":2},"end":{"line":86,"column":39}},"50":{"start":{"line":87,"column":2},"end":{"line":89,"column":5}},"51":{"start":{"line":88,"column":4},"end":{"line":88,"column":34}},"52":{"start":{"line":91,"column":2},"end":{"line":91,"column":34}},"53":{"start":{"line":92,"column":2},"end":{"line":92,"column":36}},"54":{"start":{"line":94,"column":2},"end":{"line":94,"column":31}},"55":{"start":{"line":98,"column":16},"end":{"line":98,"column":17}},"56":{"start":{"line":99,"column":16},"end":{"line":99,"column":17}},"57":{"start":{"line":100,"column":19},"end":{"line":100,"column":24}},"58":{"start":{"line":102,"column":2},"end":{"line":106,"column":5}},"59":{"start":{"line":103,"column":4},"end":{"line":103,"column":22}},"60":{"start":{"line":104,"column":4},"end":{"line":104,"column":45}},"61":{"start":{"line":105,"column":4},"end":{"line":105,"column":44}},"62":{"start":{"line":108,"column":2},"end":{"line":113,"column":5}},"63":{"start":{"line":109,"column":4},"end":{"line":112,"column":5}},"64":{"start":{"line":110,"column":6},"end":{"line":110,"column":54}},"65":{"start":{"line":111,"column":6},"end":{"line":111,"column":53}},"66":{"start":{"line":115,"column":2},"end":{"line":117,"column":5}},"67":{"start":{"line":116,"column":4},"end":{"line":116,"column":23}},"68":{"start":{"line":121,"column":17},"end":{"line":121,"column":59}},"69":{"start":{"line":122,"column":24},"end":{"line":122,"column":65}},"70":{"start":{"line":125,"column":2},"end":{"line":125,"column":84}},"71":{"start":{"line":127,"column":2},"end":{"line":127,"column":31}},"72":{"start":{"line":128,"column":2},"end":{"line":128,"column":30}},"73":{"start":{"line":129,"column":2},"end":{"line":129,"column":33}},"74":{"start":{"line":133,"column":0},"end":{"line":133,"column":29}},"75":{"start":{"line":134,"column":0},"end":{"line":134,"column":23}},"76":{"start":{"line":135,"column":0},"end":{"line":135,"column":26}}},"fnMap":{"0":{"name":"updateParagraphs","decl":{"start":{"line":6,"column":16},"end":{"line":6,"column":32}},"loc":{"start":{"line":6,"column":51},"end":{"line":10,"column":1}},"line":6},"1":{"name":"(anonymous_1)","decl":{"start":{"line":7,"column":27},"end":{"line":7,"column":28}},"loc":{"start":{"line":7,"column":50},"end":{"line":9,"column":3}},"line":7},"2":{"name":"processParagraphsDebounced","decl":{"start":{"line":12,"column":16},"end":{"line":12,"column":42}},"loc":{"start":{"line":12,"column":45},"end":{"line":37,"column":1}},"line":12},"3":{"name":"addClickEventToTooltips","decl":{"start":{"line":39,"column":16},"end":{"line":39,"column":39}},"loc":{"start":{"line":39,"column":42},"end":{"line":59,"column":1}},"line":39},"4":{"name":"(anonymous_4)","decl":{"start":{"line":42,"column":19},"end":{"line":42,"column":20}},"loc":{"start":{"line":42,"column":32},"end":{"line":58,"column":3}},"line":42},"5":{"name":"(anonymous_5)","decl":{"start":{"line":43,"column":38},"end":{"line":43,"column":39}},"loc":{"start":{"line":43,"column":55},"end":{"line":57,"column":5}},"line":43},"6":{"name":"createFloatingHelper","decl":{"start":{"line":61,"column":16},"end":{"line":61,"column":36}},"loc":{"start":{"line":61,"column":39},"end":{"line":95,"column":1}},"line":61},"7":{"name":"(anonymous_7)","decl":{"start":{"line":87,"column":40},"end":{"line":87,"column":41}},"loc":{"start":{"line":87,"column":46},"end":{"line":89,"column":3}},"line":87},"8":{"name":"makeElementDraggable","decl":{"start":{"line":97,"column":9},"end":{"line":97,"column":29}},"loc":{"start":{"line":97,"column":39},"end":{"line":118,"column":1}},"line":97},"9":{"name":"(anonymous_9)","decl":{"start":{"line":102,"column":40},"end":{"line":102,"column":41}},"loc":{"start":{"line":102,"column":47},"end":{"line":106,"column":3}},"line":102},"10":{"name":"(anonymous_10)","decl":{"start":{"line":108,"column":41},"end":{"line":108,"column":42}},"loc":{"start":{"line":108,"column":48},"end":{"line":113,"column":3}},"line":108},"11":{"name":"(anonymous_11)","decl":{"start":{"line":115,"column":39},"end":{"line":115,"column":40}},"loc":{"start":{"line":115,"column":45},"end":{"line":117,"column":3}},"line":115},"12":{"name":"showFloatingHelper","decl":{"start":{"line":120,"column":9},"end":{"line":120,"column":27}},"loc":{"start":{"line":120,"column":61},"end":{"line":130,"column":1}},"line":120}},"branchMap":{"0":{"loc":{"start":{"line":17,"column":22},"end":{"line":17,"column":80}},"type":"binary-expr","locations":[{"start":{"line":17,"column":22},"end":{"line":17,"column":60}},{"start":{"line":17,"column":64},"end":{"line":17,"column":80}}],"line":17},"1":{"loc":{"start":{"line":24,"column":6},"end":{"line":28,"column":7}},"type":"if","locations":[{"start":{"line":24,"column":6},"end":{"line":28,"column":7}},{"start":{"line":26,"column":13},"end":{"line":28,"column":7}}],"line":24},"2":{"loc":{"start":{"line":109,"column":4},"end":{"line":112,"column":5}},"type":"if","locations":[{"start":{"line":109,"column":4},"end":{"line":112,"column":5}},{"start":{},"end":{}}],"line":109},"3":{"loc":{"start":{"line":120,"column":34},"end":{"line":120,"column":59}},"type":"default-arg","locations":[{"start":{"line":120,"column":44},"end":{"line":120,"column":59}}],"line":120},"4":{"loc":{"start":{"line":125,"column":28},"end":{"line":125,"column":83}},"type":"cond-expr","locations":[{"start":{"line":125,"column":58},"end":{"line":125,"column":73}},{"start":{"line":125,"column":76},"end":{"line":125,"column":83}}],"line":125}},"s":{"0":4,"1":5,"2":3,"3":3,"4":3,"5":4,"6":4,"7":4,"8":6,"9":6,"10":6,"11":1,"12":5,"13":4,"14":3,"15":1,"16":1,"17":0,"18":0,"19":0,"20":0,"21":0,"22":0,"23":0,"24":0,"25":0,"26":0,"27":1,"28":1,"29":1,"30":1,"31":1,"32":1,"33":1,"34":1,"35":1,"36":1,"37":1,"38":1,"39":1,"40":1,"41":1,"42":1,"43":1,"44":1,"45":1,"46":1,"47":1,"48":1,"49":1,"50":1,"51":0,"52":1,"53":1,"54":1,"55":1,"56":1,"57":1,"58":1,"59":0,"60":0,"61":0,"62":1,"63":0,"64":0,"65":0,"66":1,"67":0,"68":0,"69":0,"70":0,"71":0,"72":0,"73":0,"74":1,"75":1,"76":1},"f":{"0":4,"1":5,"2":3,"3":1,"4":0,"5":0,"6":1,"7":0,"8":1,"9":0,"10":0,"11":0,"12":0},"b":{"0":[4,0],"1":[1,5],"2":[0,0],"3":[0],"4":[0,0]},"_coverageSchema":"1a1c01bbd47fc00a2c39e90264f33305004495a9","hash":"c619a7aacf7c5d899586b34578425e2d804ce7dc"}
}
