TN:
SF:src/utils/apiUtils.js
FN:1,fetchExplanationFromAPIWithContext
FN:15,generateExplanationWithPromptAPI
FNF:2
FNH:2
FNDA:3,fetchExplanationFromAPIWithContext
FNDA:3,generateExplanationWithPromptAPI
DA:2,3
DA:3,3
DA:4,1
DA:5,1
DA:6,1
DA:7,1
DA:8,1
DA:10,2
DA:11,2
DA:16,3
DA:18,3
DA:19,0
DA:22,3
DA:23,3
DA:25,3
DA:26,2
DA:27,2
DA:29,2
DA:38,2
DA:40,2
DA:46,2
DA:47,2
DA:48,1
DA:49,1
DA:51,1
DA:52,1
DA:53,1
DA:56,1
LF:28
LH:27
BRDA:18,0,0,0
BRDA:18,0,1,3
BRDA:18,1,0,3
BRDA:18,1,1,3
BRDA:25,2,0,2
BRDA:25,2,1,1
BRF:6
BRH:5
end_of_record
TN:
SF:src/utils/categoryInfo.js
FNF:0
FNH:0
DA:1,1
LF:1
LH:1
BRF:0
BRH:0
end_of_record
TN:
SF:src/utils/categoryUtils.js
FN:4,getCategoryInfo
FN:11,categorizeSentence
FN:13,(anonymous_2)
FNF:3
FNH:3
FNDA:2,getCategoryInfo
FNDA:5,categorizeSentence
FNDA:77,(anonymous_2)
DA:5,2
DA:6,2
DA:7,2
DA:12,5
DA:13,77
DA:15,5
DA:16,19
DA:17,19
DA:18,302
DA:20,4
DA:25,1
LF:11
LH:11
BRDA:5,0,0,2
BRDA:5,0,1,1
BRDA:18,1,0,4
BRDA:18,1,1,298
BRF:4
BRH:4
end_of_record
TN:
SF:src/utils/highlightUtils.js
FN:6,updateParagraphs
FN:7,(anonymous_1)
FN:12,processParagraphsDebounced
FN:39,addClickEventToTooltips
FN:42,(anonymous_4)
FN:43,(anonymous_5)
FN:61,createFloatingHelper
FN:87,(anonymous_7)
FN:97,makeElementDraggable
FN:102,(anonymous_9)
FN:108,(anonymous_10)
FN:115,(anonymous_11)
FN:120,showFloatingHelper
FNF:13
FNH:6
FNDA:4,updateParagraphs
FNDA:5,(anonymous_1)
FNDA:3,processParagraphsDebounced
FNDA:1,addClickEventToTooltips
FNDA:0,(anonymous_4)
FNDA:0,(anonymous_5)
FNDA:1,createFloatingHelper
FNDA:0,(anonymous_7)
FNDA:1,makeElementDraggable
FNDA:0,(anonymous_9)
FNDA:0,(anonymous_10)
FNDA:0,(anonymous_11)
FNDA:0,showFloatingHelper
DA:7,4
DA:8,5
DA:13,3
DA:14,3
DA:16,3
DA:17,4
DA:18,4
DA:20,4
DA:21,6
DA:22,6
DA:24,6
DA:25,1
DA:27,5
DA:31,4
DA:36,3
DA:40,1
DA:42,1
DA:43,0
DA:44,0
DA:45,0
DA:46,0
DA:48,0
DA:49,0
DA:51,0
DA:52,0
DA:53,0
DA:55,0
DA:62,1
DA:63,1
DA:64,1
DA:65,1
DA:66,1
DA:67,1
DA:68,1
DA:69,1
DA:70,1
DA:71,1
DA:73,1
DA:74,1
DA:75,1
DA:76,1
DA:78,1
DA:79,1
DA:80,1
DA:81,1
DA:82,1
DA:83,1
DA:84,1
DA:85,1
DA:86,1
DA:87,1
DA:88,0
DA:91,1
DA:92,1
DA:94,1
DA:98,1
DA:99,1
DA:100,1
DA:102,1
DA:103,0
DA:104,0
DA:105,0
DA:108,1
DA:109,0
DA:110,0
DA:111,0
DA:115,1
DA:116,0
DA:121,0
DA:122,0
DA:125,0
DA:127,0
DA:128,0
DA:129,0
DA:133,1
DA:134,1
DA:135,1
LF:77
LH:53
BRDA:17,0,0,4
BRDA:17,0,1,0
BRDA:24,1,0,1
BRDA:24,1,1,5
BRDA:109,2,0,0
BRDA:109,2,1,0
BRDA:120,3,0,0
BRDA:125,4,0,0
BRDA:125,4,1,0
BRF:9
BRH:3
end_of_record
